<?xml version="1.0" encoding="UTF-8"?>
<testng-results skipped="0" failed="0" total="1" passed="1">
  <reporter-output>
  </reporter-output>
  <suite name="Default suite" duration-ms="20233" started-at="2019-10-31T00:00:58Z" finished-at="2019-10-31T00:01:18Z">
    <groups>
    </groups>
    <test name="Default test" duration-ms="20233" started-at="2019-10-31T00:00:58Z" finished-at="2019-10-31T00:01:18Z">
      <class name="com.amazon.test.GoogleSecondPageTest">
        <test-method status="PASS" signature="setUp()[pri:0, instance:com.amazon.test.GoogleSecondPageTest@721e0f4f]" name="setUp" is-config="true" duration-ms="19179" started-at="2019-10-31T05:30:58Z" finished-at="2019-10-31T05:31:17Z">
          <reporter-output>
          </reporter-output>
        </test-method> <!-- setUp -->
        <test-method status="PASS" signature="verifySecondPageStatusTest()[pri:0, instance:com.amazon.test.GoogleSecondPageTest@721e0f4f]" name="verifySecondPageStatusTest" duration-ms="134" started-at="2019-10-31T05:31:17Z" finished-at="2019-10-31T05:31:17Z">
          <reporter-output>
          </reporter-output>
        </test-method> <!-- verifySecondPageStatusTest -->
        <test-method status="PASS" signature="tearDown()[pri:0, instance:com.amazon.test.GoogleSecondPageTest@721e0f4f]" name="tearDown" is-config="true" duration-ms="878" started-at="2019-10-31T05:31:17Z" finished-at="2019-10-31T05:31:18Z">
          <reporter-output>
          </reporter-output>
        </test-method> <!-- tearDown -->
      </class> <!-- com.amazon.test.GoogleSecondPageTest -->
    </test> <!-- Default test -->
  </suite> <!-- Default suite -->
</testng-results>
