<?xml version="1.0" encoding="UTF-8"?>
<testng-results skipped="0" failed="0" total="2" passed="2">
  <reporter-output>
  </reporter-output>
  <suite name="Default suite" duration-ms="27352" started-at="2019-11-03T15:07:58Z" finished-at="2019-11-03T15:08:25Z">
    <groups>
    </groups>
    <test name="Default test" duration-ms="27352" started-at="2019-11-03T15:07:58Z" finished-at="2019-11-03T15:08:25Z">
      <class name="com.amazon.test.NewsPageTest">
        <test-method status="PASS" signature="setUp()[pri:0, instance:com.amazon.test.NewsPageTest@6ea6d14e]" name="setUp" is-config="true" duration-ms="14305" started-at="2019-11-03T20:37:58Z" finished-at="2019-11-03T20:38:12Z">
          <reporter-output>
          </reporter-output>
        </test-method> <!-- setUp -->
        <test-method status="PASS" signature="verifyBottomMessageTest()[pri:0, instance:com.amazon.test.NewsPageTest@6ea6d14e]" name="verifyBottomMessageTest" duration-ms="75" started-at="2019-11-03T20:38:12Z" finished-at="2019-11-03T20:38:12Z">
          <reporter-output>
          </reporter-output>
        </test-method> <!-- verifyBottomMessageTest -->
        <test-method status="PASS" signature="tearDown()[pri:0, instance:com.amazon.test.NewsPageTest@6ea6d14e]" name="tearDown" is-config="true" duration-ms="2313" started-at="2019-11-03T20:38:12Z" finished-at="2019-11-03T20:38:14Z">
          <reporter-output>
          </reporter-output>
        </test-method> <!-- tearDown -->
        <test-method status="PASS" signature="setUp()[pri:0, instance:com.amazon.test.NewsPageTest@6ea6d14e]" name="setUp" is-config="true" duration-ms="8270" started-at="2019-11-03T20:38:14Z" finished-at="2019-11-03T20:38:23Z">
          <reporter-output>
          </reporter-output>
        </test-method> <!-- setUp -->
        <test-method status="PASS" signature="verifyBottomNameTest()[pri:0, instance:com.amazon.test.NewsPageTest@6ea6d14e]" name="verifyBottomNameTest" duration-ms="57" started-at="2019-11-03T20:38:23Z" depends-on-methods="com.amazon.test.NewsPageTest.verifyBottomMessageTest" finished-at="2019-11-03T20:38:23Z">
          <reporter-output>
          </reporter-output>
        </test-method> <!-- verifyBottomNameTest -->
        <test-method status="PASS" signature="tearDown()[pri:0, instance:com.amazon.test.NewsPageTest@6ea6d14e]" name="tearDown" is-config="true" duration-ms="2316" started-at="2019-11-03T20:38:23Z" finished-at="2019-11-03T20:38:25Z">
          <reporter-output>
          </reporter-output>
        </test-method> <!-- tearDown -->
      </class> <!-- com.amazon.test.NewsPageTest -->
    </test> <!-- Default test -->
  </suite> <!-- Default suite -->
</testng-results>
