<?xml version="1.0" encoding="UTF-8"?>
<testng-results skipped="0" failed="0" total="2" passed="2">
  <reporter-output>
  </reporter-output>
  <suite name="Default suite" duration-ms="43081" started-at="2019-11-04T22:02:23Z" finished-at="2019-11-04T22:03:06Z">
    <groups>
    </groups>
    <test name="Default test" duration-ms="43081" started-at="2019-11-04T22:02:23Z" finished-at="2019-11-04T22:03:06Z">
      <class name="com.google.test.NewsPageTest">
        <test-method status="PASS" signature="setUp()[pri:0, instance:com.google.test.NewsPageTest@6ea6d14e]" name="setUp" is-config="true" duration-ms="27002" started-at="2019-11-05T03:32:23Z" finished-at="2019-11-05T03:32:50Z">
          <reporter-output>
          </reporter-output>
        </test-method> <!-- setUp -->
        <test-method status="PASS" signature="verifyBottomMessageTest()[pri:0, instance:com.google.test.NewsPageTest@6ea6d14e]" name="verifyBottomMessageTest" duration-ms="101" started-at="2019-11-05T03:32:50Z" finished-at="2019-11-05T03:32:50Z">
          <reporter-output>
          </reporter-output>
        </test-method> <!-- verifyBottomMessageTest -->
        <test-method status="PASS" signature="tearDown()[pri:0, instance:com.google.test.NewsPageTest@6ea6d14e]" name="tearDown" is-config="true" duration-ms="1038" started-at="2019-11-05T03:32:50Z" finished-at="2019-11-05T03:32:51Z">
          <reporter-output>
          </reporter-output>
        </test-method> <!-- tearDown -->
        <test-method status="PASS" signature="setUp()[pri:0, instance:com.google.test.NewsPageTest@6ea6d14e]" name="setUp" is-config="true" duration-ms="12314" started-at="2019-11-05T03:32:51Z" finished-at="2019-11-05T03:33:04Z">
          <reporter-output>
          </reporter-output>
        </test-method> <!-- setUp -->
        <test-method status="PASS" signature="verifyBottomNameTest()[pri:0, instance:com.google.test.NewsPageTest@6ea6d14e]" name="verifyBottomNameTest" duration-ms="53" started-at="2019-11-05T03:33:04Z" depends-on-methods="com.google.test.NewsPageTest.verifyBottomMessageTest" finished-at="2019-11-05T03:33:04Z">
          <reporter-output>
          </reporter-output>
        </test-method> <!-- verifyBottomNameTest -->
        <test-method status="PASS" signature="tearDown()[pri:0, instance:com.google.test.NewsPageTest@6ea6d14e]" name="tearDown" is-config="true" duration-ms="2561" started-at="2019-11-05T03:33:04Z" finished-at="2019-11-05T03:33:06Z">
          <reporter-output>
          </reporter-output>
        </test-method> <!-- tearDown -->
      </class> <!-- com.google.test.NewsPageTest -->
    </test> <!-- Default test -->
  </suite> <!-- Default suite -->
</testng-results>
